Determining if the pthread_create exist failed with the following output:
Change Dir: /home/geesara/image_transport_ws/image_common/image_transport/tutorial/cmake-build-debug/CMakeFiles/CMakeTmp

Run Build Command:"/usr/bin/make" "cmTC_49b9e/fast"
/usr/bin/make -f CMakeFiles/cmTC_49b9e.dir/build.make CMakeFiles/cmTC_49b9e.dir/build
make[1]: Entering directory '/home/geesara/image_transport_ws/image_common/image_transport/tutorial/cmake-build-debug/CMakeFiles/CMakeTmp'
Building C object CMakeFiles/cmTC_49b9e.dir/CheckSymbolExists.c.o
/usr/bin/cc    -o CMakeFiles/cmTC_49b9e.dir/CheckSymbolExists.c.o   -c /home/geesara/image_transport_ws/image_common/image_transport/tutorial/cmake-build-debug/CMakeFiles/CMakeTmp/CheckSymbolExists.c
Linking C executable cmTC_49b9e
/home/geesara/software/clion-2018.1.5/bin/cmake/bin/cmake -E cmake_link_script CMakeFiles/cmTC_49b9e.dir/link.txt --verbose=1
/usr/bin/cc      -rdynamic CMakeFiles/cmTC_49b9e.dir/CheckSymbolExists.c.o  -o cmTC_49b9e 
CMakeFiles/cmTC_49b9e.dir/CheckSymbolExists.c.o: In function `main':
CheckSymbolExists.c:(.text+0x16): undefined reference to `pthread_create'
collect2: error: ld returned 1 exit status
CMakeFiles/cmTC_49b9e.dir/build.make:97: recipe for target 'cmTC_49b9e' failed
make[1]: *** [cmTC_49b9e] Error 1
make[1]: Leaving directory '/home/geesara/image_transport_ws/image_common/image_transport/tutorial/cmake-build-debug/CMakeFiles/CMakeTmp'
Makefile:126: recipe for target 'cmTC_49b9e/fast' failed
make: *** [cmTC_49b9e/fast] Error 2

File /home/geesara/image_transport_ws/image_common/image_transport/tutorial/cmake-build-debug/CMakeFiles/CMakeTmp/CheckSymbolExists.c:
/* */
#include <pthread.h>

int main(int argc, char** argv)
{
  (void)argv;
#ifndef pthread_create
  return ((int*)(&pthread_create))[argc];
#else
  (void)argc;
  return 0;
#endif
}

Determining if the function pthread_create exists in the pthreads failed with the following output:
Change Dir: /home/geesara/image_transport_ws/image_common/image_transport/tutorial/cmake-build-debug/CMakeFiles/CMakeTmp

Run Build Command:"/usr/bin/make" "cmTC_d56bc/fast"
/usr/bin/make -f CMakeFiles/cmTC_d56bc.dir/build.make CMakeFiles/cmTC_d56bc.dir/build
make[1]: Entering directory '/home/geesara/image_transport_ws/image_common/image_transport/tutorial/cmake-build-debug/CMakeFiles/CMakeTmp'
Building C object CMakeFiles/cmTC_d56bc.dir/CheckFunctionExists.c.o
/usr/bin/cc   -DCHECK_FUNCTION_EXISTS=pthread_create   -o CMakeFiles/cmTC_d56bc.dir/CheckFunctionExists.c.o   -c /home/geesara/software/clion-2018.1.5/bin/cmake/share/cmake-3.10/Modules/CheckFunctionExists.c
Linking C executable cmTC_d56bc
/home/geesara/software/clion-2018.1.5/bin/cmake/bin/cmake -E cmake_link_script CMakeFiles/cmTC_d56bc.dir/link.txt --verbose=1
/usr/bin/cc  -DCHECK_FUNCTION_EXISTS=pthread_create    -rdynamic CMakeFiles/cmTC_d56bc.dir/CheckFunctionExists.c.o  -o cmTC_d56bc -lpthreads 
/usr/bin/ld: cannot find -lpthreads
collect2: error: ld returned 1 exit status
CMakeFiles/cmTC_d56bc.dir/build.make:97: recipe for target 'cmTC_d56bc' failed
make[1]: *** [cmTC_d56bc] Error 1
make[1]: Leaving directory '/home/geesara/image_transport_ws/image_common/image_transport/tutorial/cmake-build-debug/CMakeFiles/CMakeTmp'
Makefile:126: recipe for target 'cmTC_d56bc/fast' failed
make: *** [cmTC_d56bc/fast] Error 2


